 
****************************************
Report : area
Design : CONV
Version: Q-2019.12
Date   : Mon Feb  7 11:09:21 2022
****************************************

Library(s) Used:

    fsa0m_a_generic_core_ss1p62v125c (File: /usr/cad/CBDK/CBDK018_UMC_Faraday_v1.0/CIC/SynopsysDC/db/fsa0m_a_generic_core_ss1p62v125c.db)

Number of ports:                          105
Number of nets:                          2894
Number of cells:                         2616
Number of combinational cells:           2284
Number of sequential cells:               332
Number of macros/black boxes:               0
Number of buf/inv:                        305
Number of references:                      57

Combinational area:              46706.386011
Buf/Inv area:                     2084.241580
Noncombinational area:           19654.992180
Macro/Black Box area:                0.000000
Net Interconnect area:      undefined  (Wire load has zero net area)

Total cell area:                 66361.378191
Total area:                 undefined
1
